# JRE version: Java(TM) SE Runtime Environment (8.0_25-b18) (build 1.8.0_25-b18)
# Java VM: Java HotSpot(TM) 64-Bit Server VM (25.25-b02 mixed mode windows-amd64 compressed oops)
Heap:
 PSYoungGen      total 28160K, used 5389K [0x00000000e0d00000, 0x00000000e2c00000, 0x0000000100000000)
  eden space 24576K, 21% used [0x00000000e0d00000,0x00000000e1243740,0x00000000e2500000)
  from space 3584K, 0% used [0x00000000e2500000,0x00000000e2500000,0x00000000e2880000)
  to   space 3584K, 0% used [0x00000000e2880000,0x00000000e2880000,0x00000000e2c00000)
 ParOldGen       total 39424K, used 6103K [0x00000000a2600000, 0x00000000a4c80000, 0x00000000e0d00000)
  object space 39424K, 15% used [0x00000000a2600000,0x00000000a2bf5f30,0x00000000a4c80000)
 Metaspace       used 35351K, capacity 35564K, committed 35712K, reserved 1081344K
  class space    used 3099K, capacity 3180K, committed 3200K, reserved 1048576K
GC Heap History (10 events):
Event: 19.507 GC heap before
{Heap before GC invocations=1 (full 0):
 PSYoungGen      total 28160K, used 24576K [0x00000000e0d00000, 0x00000000e2c00000, 0x0000000100000000)
  eden space 24576K, 100% used [0x00000000e0d00000,0x00000000e2500000,0x00000000e2500000)
  from space 3584K, 0% used [0x00000000e2880000,0x00000000e2880000,0x00000000e2c00000)
  to   space 3584K, 0% used [0x00000000e2500000,0x00000000e2500000,0x00000000e2880000)
 ParOldGen       total 64512K, used 0K [0x00000000a2600000, 0x00000000a6500000, 0x00000000e0d00000)
  object space 64512K, 0% used [0x00000000a2600000,0x00000000a2600000,0x00000000a6500000)
 Metaspace       used 15016K, capacity 15170K, committed 15360K, reserved 1062912K
  class space    used 1937K, capacity 1995K, committed 2048K, reserved 1048576K
Event: 19.513 GC heap after
Heap after GC invocations=1 (full 0):
 PSYoungGen      total 28160K, used 3572K [0x00000000e0d00000, 0x00000000e2c00000, 0x0000000100000000)
  eden space 24576K, 0% used [0x00000000e0d00000,0x00000000e0d00000,0x00000000e2500000)
  from space 3584K, 99% used [0x00000000e2500000,0x00000000e287d118,0x00000000e2880000)
  to   space 3584K, 0% used [0x00000000e2880000,0x00000000e2880000,0x00000000e2c00000)
 ParOldGen       total 64512K, used 1518K [0x00000000a2600000, 0x00000000a6500000, 0x00000000e0d00000)
  object space 64512K, 2% used [0x00000000a2600000,0x00000000a277ba00,0x00000000a6500000)
 Metaspace       used 15016K, capacity 15170K, committed 15360K, reserved 1062912K
  class space    used 1937K, capacity 1995K, committed 2048K, reserved 1048576K
}
Event: 20.806 GC heap before
{Heap before GC invocations=2 (full 0):
 PSYoungGen      total 28160K, used 15204K [0x00000000e0d00000, 0x00000000e2c00000, 0x0000000100000000)
  eden space 24576K, 47% used [0x00000000e0d00000,0x00000000e185c208,0x00000000e2500000)
  from space 3584K, 99% used [0x00000000e2500000,0x00000000e287d118,0x00000000e2880000)
  to   space 3584K, 0% used [0x00000000e2880000,0x00000000e2880000,0x00000000e2c00000)
 ParOldGen       total 64512K, used 1518K [0x00000000a2600000, 0x00000000a6500000, 0x00000000e0d00000)
  object space 64512K, 2% used [0x00000000a2600000,0x00000000a277ba00,0x00000000a6500000)
 Metaspace       used 20919K, capacity 21038K, committed 21296K, reserved 1069056K
  class space    used 2284K, capacity 2349K, committed 2432K, reserved 1048576K
Event: 20.811 GC heap after
Heap after GC invocations=2 (full 0):
 PSYoungGen      total 28160K, used 3570K [0x00000000e0d00000, 0x00000000e2c00000, 0x0000000100000000)
  eden space 24576K, 0% used [0x00000000e0d00000,0x00000000e0d00000,0x00000000e2500000)
  from space 3584K, 99% used [0x00000000e2880000,0x00000000e2bfca70,0x00000000e2c00000)
  to   space 3584K, 0% used [0x00000000e2500000,0x00000000e2500000,0x00000000e2880000)
 ParOldGen       total 64512K, used 8636K [0x00000000a2600000, 0x00000000a6500000, 0x00000000e0d00000)
  object space 64512K, 13% used [0x00000000a2600000,0x00000000a2e6f380,0x00000000a6500000)
 Metaspace       used 20919K, capacity 21038K, committed 21296K, reserved 1069056K
  class space    used 2284K, capacity 2349K, committed 2432K, reserved 1048576K
}
Event: 20.811 GC heap before
{Heap before GC invocations=3 (full 1):
 PSYoungGen      total 28160K, used 3570K [0x00000000e0d00000, 0x00000000e2c00000, 0x0000000100000000)
  eden space 24576K, 0% used [0x00000000e0d00000,0x00000000e0d00000,0x00000000e2500000)
  from space 3584K, 99% used [0x00000000e2880000,0x00000000e2bfca70,0x00000000e2c00000)
  to   space 3584K, 0% used [0x00000000e2500000,0x00000000e2500000,0x00000000e2880000)
 ParOldGen       total 64512K, used 8636K [0x00000000a2600000, 0x00000000a6500000, 0x00000000e0d00000)
  object space 64512K, 13% used [0x00000000a2600000,0x00000000a2e6f380,0x00000000a6500000)
 Metaspace       used 20919K, capacity 21038K, committed 21296K, reserved 1069056K
  class space    used 2284K, capacity 2349K, committed 2432K, reserved 1048576K
Event: 20.851 GC heap after
Heap after GC invocations=3 (full 1):
 PSYoungGen      total 28160K, used 0K [0x00000000e0d00000, 0x00000000e2c00000, 0x0000000100000000)
  eden space 24576K, 0% used [0x00000000e0d00000,0x00000000e0d00000,0x00000000e2500000)
  from space 3584K, 0% used [0x00000000e2880000,0x00000000e2880000,0x00000000e2c00000)
  to   space 3584K, 0% used [0x00000000e2500000,0x00000000e2500000,0x00000000e2880000)
 ParOldGen       total 45056K, used 11704K [0x00000000a2600000, 0x00000000a5200000, 0x00000000e0d00000)
  object space 45056K, 25% used [0x00000000a2600000,0x00000000a316e2f0,0x00000000a5200000)
 Metaspace       used 20918K, capacity 21036K, committed 21296K, reserved 1069056K
  class space    used 2284K, capacity 2348K, committed 2432K, reserved 1048576K
}
Event: 36.977 GC heap before
{Heap before GC invocations=4 (full 1):
 PSYoungGen      total 28160K, used 21893K [0x00000000e0d00000, 0x00000000e2c00000, 0x0000000100000000)
  eden space 24576K, 89% used [0x00000000e0d00000,0x00000000e2261568,0x00000000e2500000)
  from space 3584K, 0% used [0x00000000e2880000,0x00000000e2880000,0x00000000e2c00000)
  to   space 3584K, 0% used [0x00000000e2500000,0x00000000e2500000,0x00000000e2880000)
 ParOldGen       total 45056K, used 11704K [0x00000000a2600000, 0x00000000a5200000, 0x00000000e0d00000)
  object space 45056K, 25% used [0x00000000a2600000,0x00000000a316e2f0,0x00000000a5200000)
 Metaspace       used 35163K, capacity 35308K, committed 35456K, reserved 1081344K
  class space    used 3099K, capacity 3180K, committed 3200K, reserved 1048576K
Event: 36.979 GC heap after
Heap after GC invocations=4 (full 1):
 PSYoungGen      total 28160K, used 2047K [0x00000000e0d00000, 0x00000000e2c00000, 0x0000000100000000)
  eden space 24576K, 0% used [0x00000000e0d00000,0x00000000e0d00000,0x00000000e2500000)
  from space 3584K, 57% used [0x00000000e2500000,0x00000000e26ffed8,0x00000000e2880000)
  to   space 3584K, 0% used [0x00000000e2880000,0x00000000e2880000,0x00000000e2c00000)
 ParOldGen       total 45056K, used 11712K [0x00000000a2600000, 0x00000000a5200000, 0x00000000e0d00000)
  object space 45056K, 25% used [0x00000000a2600000,0x00000000a31702f0,0x00000000a5200000)
 Metaspace       used 35163K, capacity 35308K, committed 35456K, reserved 1081344K
  class space    used 3099K, capacity 3180K, committed 3200K, reserved 1048576K
}
Event: 36.980 GC heap before
{Heap before GC invocations=5 (full 2):
 PSYoungGen      total 28160K, used 2047K [0x00000000e0d00000, 0x00000000e2c00000, 0x0000000100000000)
  eden space 24576K, 0% used [0x00000000e0d00000,0x00000000e0d00000,0x00000000e2500000)
  from space 3584K, 57% used [0x00000000e2500000,0x00000000e26ffed8,0x00000000e2880000)
  to   space 3584K, 0% used [0x00000000e2880000,0x00000000e2880000,0x00000000e2c00000)
 ParOldGen       total 45056K, used 11712K [0x00000000a2600000, 0x00000000a5200000, 0x00000000e0d00000)
  object space 45056K, 25% used [0x00000000a2600000,0x00000000a31702f0,0x00000000a5200000)
 Metaspace       used 35163K, capacity 35308K, committed 35456K, reserved 1081344K
  class space    used 3099K, capacity 3180K, committed 3200K, reserved 1048576K
Event: 37.015 GC heap after
Heap after GC invocations=5 (full 2):
 PSYoungGen      total 28160K, used 0K [0x00000000e0d00000, 0x00000000e2c00000, 0x0000000100000000)
  eden space 24576K, 0% used [0x00000000e0d00000,0x00000000e0d00000,0x00000000e2500000)
  from space 3584K, 0% used [0x00000000e2500000,0x00000000e2500000,0x00000000e2880000)
  to   space 3584K, 0% used [0x00000000e2880000,0x00000000e2880000,0x00000000e2c00000)
 ParOldGen       total 39424K, used 6103K [0x00000000a2600000, 0x00000000a4c80000, 0x00000000e0d00000)
  object space 39424K, 15% used [0x00000000a2600000,0x00000000a2bf5f30,0x00000000a4c80000)
 Metaspace       used 35163K, capacity 35308K, committed 35456K, reserved 1081344K
  class space    used 3099K, capacity 3180K, committed 3200K, reserved 1048576K
}

