Heap:
 PSYoungGen      total 30720K, used 24578K [0x00000000e0d00000, 0x00000000e3400000, 0x0000000100000000)
  eden space 21504K, 100% used [0x00000000e0d00000,0x00000000e2200000,0x00000000e2200000)
  from space 9216K, 33% used [0x00000000e2b00000,0x00000000e2e00820,0x00000000e3400000)
  to   space 9216K, 0% used [0x00000000e2200000,0x00000000e2200000,0x00000000e2b00000)
 ParOldGen       total 64512K, used 13628K [0x00000000a2600000, 0x00000000a6500000, 0x00000000e0d00000)
  object space 64512K, 21% used [0x00000000a2600000,0x00000000a334f340,0x00000000a6500000)
 Metaspace       used 19634K, capacity 19854K, committed 20096K, reserved 1067008K
  class space    used 2359K, capacity 2407K, committed 2432K, reserved 1048576K
GC Heap History (10 events):
Event: 198.789 GC heap after
Heap after GC invocations=6 (full 0):
 PSYoungGen      total 31232K, used 7799K [0x00000000e0d00000, 0x00000000e3600000, 0x0000000100000000)
  eden space 23040K, 0% used [0x00000000e0d00000,0x00000000e0d00000,0x00000000e2380000)
  from space 8192K, 95% used [0x00000000e2c80000,0x00000000e341de88,0x00000000e3480000)
  to   space 9216K, 0% used [0x00000000e2380000,0x00000000e2380000,0x00000000e2c80000)
 ParOldGen       total 64512K, used 9678K [0x00000000a2600000, 0x00000000a6500000, 0x00000000e0d00000)
  object space 64512K, 15% used [0x00000000a2600000,0x00000000a2f73878,0x00000000a6500000)
 Metaspace       used 19523K, capacity 19784K, committed 20096K, reserved 1067008K
  class space    used 2357K, capacity 2406K, committed 2432K, reserved 1048576K
}
Event: 207.341 GC heap before
{Heap before GC invocations=7 (full 0):
 PSYoungGen      total 31232K, used 30839K [0x00000000e0d00000, 0x00000000e3600000, 0x0000000100000000)
  eden space 23040K, 100% used [0x00000000e0d00000,0x00000000e2380000,0x00000000e2380000)
  from space 8192K, 95% used [0x00000000e2c80000,0x00000000e341de88,0x00000000e3480000)
  to   space 9216K, 0% used [0x00000000e2380000,0x00000000e2380000,0x00000000e2c80000)
 ParOldGen       total 64512K, used 9678K [0x00000000a2600000, 0x00000000a6500000, 0x00000000e0d00000)
  object space 64512K, 15% used [0x00000000a2600000,0x00000000a2f73878,0x00000000a6500000)
 Metaspace       used 19595K, capacity 19854K, committed 20096K, reserved 1067008K
  class space    used 2359K, capacity 2407K, committed 2432K, reserved 1048576K
Event: 207.364 GC heap after
Heap after GC invocations=7 (full 0):
 PSYoungGen      total 26112K, used 3441K [0x00000000e0d00000, 0x00000000e3500000, 0x0000000100000000)
  eden space 22528K, 0% used [0x00000000e0d00000,0x00000000e0d00000,0x00000000e2300000)
  from space 3584K, 96% used [0x00000000e2380000,0x00000000e26dc448,0x00000000e2700000)
  to   space 9216K, 0% used [0x00000000e2c00000,0x00000000e2c00000,0x00000000e3500000)
 ParOldGen       total 64512K, used 12326K [0x00000000a2600000, 0x00000000a6500000, 0x00000000e0d00000)
  object space 64512K, 19% used [0x00000000a2600000,0x00000000a3209bd8,0x00000000a6500000)
 Metaspace       used 19595K, capacity 19854K, committed 20096K, reserved 1067008K
  class space    used 2359K, capacity 2407K, committed 2432K, reserved 1048576K
}
Event: 214.405 GC heap before
{Heap before GC invocations=8 (full 0):
 PSYoungGen      total 26112K, used 25969K [0x00000000e0d00000, 0x00000000e3500000, 0x0000000100000000)
  eden space 22528K, 100% used [0x00000000e0d00000,0x00000000e2300000,0x00000000e2300000)
  from space 3584K, 96% used [0x00000000e2380000,0x00000000e26dc448,0x00000000e2700000)
  to   space 9216K, 0% used [0x00000000e2c00000,0x00000000e2c00000,0x00000000e3500000)
 ParOldGen       total 64512K, used 12326K [0x00000000a2600000, 0x00000000a6500000, 0x00000000e0d00000)
  object space 64512K, 19% used [0x00000000a2600000,0x00000000a3209bd8,0x00000000a6500000)
 Metaspace       used 19603K, capacity 19854K, committed 20096K, reserved 1067008K
  class space    used 2359K, capacity 2407K, committed 2432K, reserved 1048576K
Event: 214.408 GC heap after
Heap after GC invocations=8 (full 0):
 PSYoungGen      total 30720K, used 4736K [0x00000000e0d00000, 0x00000000e3480000, 0x0000000100000000)
  eden space 22016K, 0% used [0x00000000e0d00000,0x00000000e0d00000,0x00000000e2280000)
  from space 8704K, 54% used [0x00000000e2c00000,0x00000000e30a0018,0x00000000e3480000)
  to   space 9216K, 0% used [0x00000000e2280000,0x00000000e2280000,0x00000000e2b80000)
 ParOldGen       total 64512K, used 12502K [0x00000000a2600000, 0x00000000a6500000, 0x00000000e0d00000)
  object space 64512K, 19% used [0x00000000a2600000,0x00000000a3235bd8,0x00000000a6500000)
 Metaspace       used 19603K, capacity 19854K, committed 20096K, reserved 1067008K
  class space    used 2359K, capacity 2407K, committed 2432K, reserved 1048576K
}
Event: 223.108 GC heap before
{Heap before GC invocations=9 (full 0):
 PSYoungGen      total 30720K, used 26752K [0x00000000e0d00000, 0x00000000e3480000, 0x0000000100000000)
  eden space 22016K, 100% used [0x00000000e0d00000,0x00000000e2280000,0x00000000e2280000)
  from space 8704K, 54% used [0x00000000e2c00000,0x00000000e30a0018,0x00000000e3480000)
  to   space 9216K, 0% used [0x00000000e2280000,0x00000000e2280000,0x00000000e2b80000)
 ParOldGen       total 64512K, used 12502K [0x00000000a2600000, 0x00000000a6500000, 0x00000000e0d00000)
  object space 64512K, 19% used [0x00000000a2600000,0x00000000a3235bd8,0x00000000a6500000)
 Metaspace       used 19626K, capacity 19854K, committed 20096K, reserved 1067008K
  class space    used 2359K, capacity 2407K, committed 2432K, reserved 1048576K
Event: 223.112 GC heap after
Heap after GC invocations=9 (full 0):
 PSYoungGen      total 25088K, used 3484K [0x00000000e0d00000, 0x00000000e3400000, 0x0000000100000000)
  eden space 21504K, 0% used [0x00000000e0d00000,0x00000000e0d00000,0x00000000e2200000)
  from space 3584K, 97% used [0x00000000e2280000,0x00000000e25e7200,0x00000000e2600000)
  to   space 9216K, 0% used [0x00000000e2b00000,0x00000000e2b00000,0x00000000e3400000)
 ParOldGen       total 64512K, used 12927K [0x00000000a2600000, 0x00000000a6500000, 0x00000000e0d00000)
  object space 64512K, 20% used [0x00000000a2600000,0x00000000a329fe28,0x00000000a6500000)
 Metaspace       used 19626K, capacity 19854K, committed 20096K, reserved 1067008K
  class space    used 2359K, capacity 2407K, committed 2432K, reserved 1048576K
}
Event: 231.552 GC heap before
{Heap before GC invocations=10 (full 0):
 PSYoungGen      total 25088K, used 24988K [0x00000000e0d00000, 0x00000000e3400000, 0x0000000100000000)
  eden space 21504K, 100% used [0x00000000e0d00000,0x00000000e2200000,0x00000000e2200000)
  from space 3584K, 97% used [0x00000000e2280000,0x00000000e25e7200,0x00000000e2600000)
  to   space 9216K, 0% used [0x00000000e2b00000,0x00000000e2b00000,0x00000000e3400000)
 ParOldGen       total 64512K, used 12927K [0x00000000a2600000, 0x00000000a6500000, 0x00000000e0d00000)
  object space 64512K, 20% used [0x00000000a2600000,0x00000000a329fe28,0x00000000a6500000)
 Metaspace       used 19629K, capacity 19854K, committed 20096K, reserved 1067008K
  class space    used 2359K, capacity 2407K, committed 2432K, reserved 1048576K
Event: 231.572 GC heap after
Heap after GC invocations=10 (full 0):
 PSYoungGen      total 30720K, used 3074K [0x00000000e0d00000, 0x00000000e3400000, 0x0000000100000000)
  eden space 21504K, 0% used [0x00000000e0d00000,0x00000000e0d00000,0x00000000e2200000)
  from space 9216K, 33% used [0x00000000e2b00000,0x00000000e2e00820,0x00000000e3400000)
  to   space 9216K, 0% used [0x00000000e2200000,0x00000000e2200000,0x00000000e2b00000)
 ParOldGen       total 64512K, used 13628K [0x00000000a2600000, 0x00000000a6500000, 0x00000000e0d00000)
  object space 64512K, 21% used [0x00000000a2600000,0x00000000a334f340,0x00000000a6500000)
 Metaspace       used 19629K, capacity 19854K, committed 20096K, reserved 1067008K
  class space    used 2359K, capacity 2407K, committed 2432K, reserved 1048576K
}
Event: 240.118 GC heap before
{Heap before GC invocations=11 (full 0):
 PSYoungGen      total 30720K, used 24578K [0x00000000e0d00000, 0x00000000e3400000, 0x0000000100000000)
  eden space 21504K, 100% used [0x00000000e0d00000,0x00000000e2200000,0x00000000e2200000)
  from space 9216K, 33% used [0x00000000e2b00000,0x00000000e2e00820,0x00000000e3400000)
  to   space 9216K, 0% used [0x00000000e2200000,0x00000000e2200000,0x00000000e2b00000)
 ParOldGen       total 64512K, used 13628K [0x00000000a2600000, 0x00000000a6500000, 0x00000000e0d00000)
  object space 64512K, 21% used [0x00000000a2600000,0x00000000a334f340,0x00000000a6500000)
 Metaspace       used 19634K, capacity 19854K, committed 20096K, reserved 1067008K
  class space    used 2359K, capacity 2407K, committed 2432K, reserved 1048576K

