# JRE version: Java(TM) SE Runtime Environment (8.0_25-b18) (build 1.8.0_25-b18)
# Java VM: Java HotSpot(TM) 64-Bit Server VM (25.25-b02 mixed mode windows-amd64 compressed oops)
Heap:
 PSYoungGen      total 28160K, used 8429K [0x00000000e0d00000, 0x00000000e2c00000, 0x0000000100000000)
  eden space 24576K, 34% used [0x00000000e0d00000,0x00000000e153b7f8,0x00000000e2500000)
  from space 3584K, 0% used [0x00000000e2880000,0x00000000e2880000,0x00000000e2c00000)
  to   space 3584K, 0% used [0x00000000e2500000,0x00000000e2500000,0x00000000e2880000)
 ParOldGen       total 38912K, used 5451K [0x00000000a2600000, 0x00000000a4c00000, 0x00000000e0d00000)
  object space 38912K, 14% used [0x00000000a2600000,0x00000000a2b52e18,0x00000000a4c00000)
 Metaspace       used 35328K, capacity 35474K, committed 35712K, reserved 1081344K
  class space    used 3093K, capacity 3149K, committed 3200K, reserved 1048576K
GC Heap History (10 events):
Event: 993.584 GC heap before
{Heap before GC invocations=2 (full 0):
 PSYoungGen      total 28160K, used 18530K [0x00000000e0d00000, 0x00000000e2c00000, 0x0000000100000000)
  eden space 24576K, 60% used [0x00000000e0d00000,0x00000000e1b991d8,0x00000000e2500000)
  from space 3584K, 99% used [0x00000000e2500000,0x00000000e287f6c0,0x00000000e2880000)
  to   space 3584K, 0% used [0x00000000e2880000,0x00000000e2880000,0x00000000e2c00000)
 ParOldGen       total 64512K, used 518K [0x00000000a2600000, 0x00000000a6500000, 0x00000000e0d00000)
  object space 64512K, 0% used [0x00000000a2600000,0x00000000a2681be0,0x00000000a6500000)
 Metaspace       used 20908K, capacity 21006K, committed 21296K, reserved 1069056K
  class space    used 2274K, capacity 2317K, committed 2432K, reserved 1048576K
Event: 993.589 GC heap after
Heap after GC invocations=2 (full 0):
 PSYoungGen      total 28160K, used 3563K [0x00000000e0d00000, 0x00000000e2c00000, 0x0000000100000000)
  eden space 24576K, 0% used [0x00000000e0d00000,0x00000000e0d00000,0x00000000e2500000)
  from space 3584K, 99% used [0x00000000e2880000,0x00000000e2bfad98,0x00000000e2c00000)
  to   space 3584K, 0% used [0x00000000e2500000,0x00000000e2500000,0x00000000e2880000)
 ParOldGen       total 64512K, used 8556K [0x00000000a2600000, 0x00000000a6500000, 0x00000000e0d00000)
  object space 64512K, 13% used [0x00000000a2600000,0x00000000a2e5b0e0,0x00000000a6500000)
 Metaspace       used 20908K, capacity 21006K, committed 21296K, reserved 1069056K
  class space    used 2274K, capacity 2317K, committed 2432K, reserved 1048576K
}
Event: 993.589 GC heap before
{Heap before GC invocations=3 (full 1):
 PSYoungGen      total 28160K, used 3563K [0x00000000e0d00000, 0x00000000e2c00000, 0x0000000100000000)
  eden space 24576K, 0% used [0x00000000e0d00000,0x00000000e0d00000,0x00000000e2500000)
  from space 3584K, 99% used [0x00000000e2880000,0x00000000e2bfad98,0x00000000e2c00000)
  to   space 3584K, 0% used [0x00000000e2500000,0x00000000e2500000,0x00000000e2880000)
 ParOldGen       total 64512K, used 8556K [0x00000000a2600000, 0x00000000a6500000, 0x00000000e0d00000)
  object space 64512K, 13% used [0x00000000a2600000,0x00000000a2e5b0e0,0x00000000a6500000)
 Metaspace       used 20908K, capacity 21006K, committed 21296K, reserved 1069056K
  class space    used 2274K, capacity 2317K, committed 2432K, reserved 1048576K
Event: 993.628 GC heap after
Heap after GC invocations=3 (full 1):
 PSYoungGen      total 28160K, used 0K [0x00000000e0d00000, 0x00000000e2c00000, 0x0000000100000000)
  eden space 24576K, 0% used [0x00000000e0d00000,0x00000000e0d00000,0x00000000e2500000)
  from space 3584K, 0% used [0x00000000e2880000,0x00000000e2880000,0x00000000e2c00000)
  to   space 3584K, 0% used [0x00000000e2500000,0x00000000e2500000,0x00000000e2880000)
 ParOldGen       total 46592K, used 11666K [0x00000000a2600000, 0x00000000a5380000, 0x00000000e0d00000)
  object space 46592K, 25% used [0x00000000a2600000,0x00000000a3164b50,0x00000000a5380000)
 Metaspace       used 20907K, capacity 21004K, committed 21296K, reserved 1069056K
  class space    used 2273K, capacity 2316K, committed 2432K, reserved 1048576K
}
Event: 1040.292 GC heap before
{Heap before GC invocations=4 (full 1):
 PSYoungGen      total 28160K, used 24576K [0x00000000e0d00000, 0x00000000e2c00000, 0x0000000100000000)
  eden space 24576K, 100% used [0x00000000e0d00000,0x00000000e2500000,0x00000000e2500000)
  from space 3584K, 0% used [0x00000000e2880000,0x00000000e2880000,0x00000000e2c00000)
  to   space 3584K, 0% used [0x00000000e2500000,0x00000000e2500000,0x00000000e2880000)
 ParOldGen       total 46592K, used 11666K [0x00000000a2600000, 0x00000000a5380000, 0x00000000e0d00000)
  object space 46592K, 25% used [0x00000000a2600000,0x00000000a3164b50,0x00000000a5380000)
 Metaspace       used 33648K, capacity 33842K, committed 34048K, reserved 1081344K
  class space    used 2996K, capacity 3053K, committed 3072K, reserved 1048576K
Event: 1040.294 GC heap after
Heap after GC invocations=4 (full 1):
 PSYoungGen      total 28160K, used 1482K [0x00000000e0d00000, 0x00000000e2c00000, 0x0000000100000000)
  eden space 24576K, 0% used [0x00000000e0d00000,0x00000000e0d00000,0x00000000e2500000)
  from space 3584K, 41% used [0x00000000e2500000,0x00000000e26728a0,0x00000000e2880000)
  to   space 3584K, 0% used [0x00000000e2880000,0x00000000e2880000,0x00000000e2c00000)
 ParOldGen       total 46592K, used 11674K [0x00000000a2600000, 0x00000000a5380000, 0x00000000e0d00000)
  object space 46592K, 25% used [0x00000000a2600000,0x00000000a3166b50,0x00000000a5380000)
 Metaspace       used 33648K, capacity 33842K, committed 34048K, reserved 1081344K
  class space    used 2996K, capacity 3053K, committed 3072K, reserved 1048576K
}
Event: 1040.873 GC heap before
{Heap before GC invocations=5 (full 1):
 PSYoungGen      total 28160K, used 5221K [0x00000000e0d00000, 0x00000000e2c00000, 0x0000000100000000)
  eden space 24576K, 15% used [0x00000000e0d00000,0x00000000e10a6d78,0x00000000e2500000)
  from space 3584K, 41% used [0x00000000e2500000,0x00000000e26728a0,0x00000000e2880000)
  to   space 3584K, 0% used [0x00000000e2880000,0x00000000e2880000,0x00000000e2c00000)
 ParOldGen       total 46592K, used 11674K [0x00000000a2600000, 0x00000000a5380000, 0x00000000e0d00000)
  object space 46592K, 25% used [0x00000000a2600000,0x00000000a3166b50,0x00000000a5380000)
 Metaspace       used 35138K, capacity 35282K, committed 35456K, reserved 1081344K
  class space    used 3093K, capacity 3149K, committed 3200K, reserved 1048576K
Event: 1040.875 GC heap after
Heap after GC invocations=5 (full 1):
 PSYoungGen      total 28160K, used 1445K [0x00000000e0d00000, 0x00000000e2c00000, 0x0000000100000000)
  eden space 24576K, 0% used [0x00000000e0d00000,0x00000000e0d00000,0x00000000e2500000)
  from space 3584K, 40% used [0x00000000e2880000,0x00000000e29e9548,0x00000000e2c00000)
  to   space 3584K, 0% used [0x00000000e2500000,0x00000000e2500000,0x00000000e2880000)
 ParOldGen       total 46592K, used 11682K [0x00000000a2600000, 0x00000000a5380000, 0x00000000e0d00000)
  object space 46592K, 25% used [0x00000000a2600000,0x00000000a3168b50,0x00000000a5380000)
 Metaspace       used 35138K, capacity 35282K, committed 35456K, reserved 1081344K
  class space    used 3093K, capacity 3149K, committed 3200K, reserved 1048576K
}
Event: 1040.875 GC heap before
{Heap before GC invocations=6 (full 2):
 PSYoungGen      total 28160K, used 1445K [0x00000000e0d00000, 0x00000000e2c00000, 0x0000000100000000)
  eden space 24576K, 0% used [0x00000000e0d00000,0x00000000e0d00000,0x00000000e2500000)
  from space 3584K, 40% used [0x00000000e2880000,0x00000000e29e9548,0x00000000e2c00000)
  to   space 3584K, 0% used [0x00000000e2500000,0x00000000e2500000,0x00000000e2880000)
 ParOldGen       total 46592K, used 11682K [0x00000000a2600000, 0x00000000a5380000, 0x00000000e0d00000)
  object space 46592K, 25% used [0x00000000a2600000,0x00000000a3168b50,0x00000000a5380000)
 Metaspace       used 35138K, capacity 35282K, committed 35456K, reserved 1081344K
  class space    used 3093K, capacity 3149K, committed 3200K, reserved 1048576K
Event: 1040.915 GC heap after
Heap after GC invocations=6 (full 2):
 PSYoungGen      total 28160K, used 0K [0x00000000e0d00000, 0x00000000e2c00000, 0x0000000100000000)
  eden space 24576K, 0% used [0x00000000e0d00000,0x00000000e0d00000,0x00000000e2500000)
  from space 3584K, 0% used [0x00000000e2880000,0x00000000e2880000,0x00000000e2c00000)
  to   space 3584K, 0% used [0x00000000e2500000,0x00000000e2500000,0x00000000e2880000)
 ParOldGen       total 38912K, used 5451K [0x00000000a2600000, 0x00000000a4c00000, 0x00000000e0d00000)
  object space 38912K, 14% used [0x00000000a2600000,0x00000000a2b52e18,0x00000000a4c00000)
 Metaspace       used 35138K, capacity 35282K, committed 35456K, reserved 1081344K
  class space    used 3093K, capacity 3149K, committed 3200K, reserved 1048576K
}

